<?xml version="1.0" encoding="utf-8"?><testsuites><testsuite errors="0" failures="0" hostname="Dinesh" name="pytest" skipped="0" tests="4" time="205.341" timestamp="2020-04-22T01:51:15.697898"><testcase classname="test_one.TestOne" file="test_one.py" line="13" name="test_first" time="40.306"></testcase><testcase classname="test_three.TestThree" file="test_three.py" line="19" name="test_third[getData0]" time="74.635"></testcase><testcase classname="test_three.TestThree" file="test_three.py" line="19" name="test_third[getData1]" time="41.774"></testcase><testcase classname="test_two.TestTwo" file="test_two.py" line="18" name="test_second" time="48.521"></testcase></testsuite></testsuites>